<?xml version="1.0" encoding="UTF-8"?>
<!-- Generated by org.testng.reporters.JUnitXMLReporter -->
<testsuite hostname="Rathish-PC" name="Testsuite" tests="1" failures="1" timestamp="13 Jun 2019 03:25:55 GMT" time="0.636" errors="0">
  <testcase name="feature" time="0.015" classname="testrun.cucumberrun">
    <failure type="cucumber.runtime.CucumberException" message="Error parsing feature file BDD.feature">
      <![CDATA[cucumber.runtime.CucumberException: Error parsing feature file BDD.feature
	at cucumber.runtime.FeatureBuilder.parse(FeatureBuilder.java:133)
	at cucumber.runtime.model.CucumberFeature.loadFromFeaturePath(CucumberFeature.java:104)
	at cucumber.runtime.model.CucumberFeature.load(CucumberFeature.java:54)
	at cucumber.runtime.model.CucumberFeature.load(CucumberFeature.java:34)
	at cucumber.runtime.RuntimeOptions.cucumberFeatures(RuntimeOptions.java:239)
	at cucumber.api.testng.TestNGCucumberRunner.getFeatures(TestNGCucumberRunner.java:85)
	at cucumber.api.testng.TestNGCucumberRunner.provideFeatures(TestNGCucumberRunner.java:94)
	at cucumber.api.testng.AbstractTestNGCucumberTests.features(AbstractTestNGCucumberTests.java:29)
Caused by: gherkin.parser.ParseError: Parse error at BDD.feature:2. Found comment when expecting one of: examples, feature, scenario, scenario_outline, tag. (Current getState: tag).
	at gherkin.parser.Parser$Machine.event(Parser.java:207)
	at gherkin.parser.Parser.event(Parser.java:159)
	at gherkin.parser.Parser.comment(Parser.java:138)
	at gherkin.lexer.En.scan(En.java:794)
	at gherkin.lexer.I18nLexer.scan(I18nLexer.java:36)
	at gherkin.parser.Parser.parse(Parser.java:62)
	at cucumber.runtime.FeatureBuilder.parse(FeatureBuilder.java:131)
	... 33 more
... Removed 26 stack frames]]>
    </failure>
  </testcase> <!-- feature -->
</testsuite> <!-- Testsuite -->
